2026/03/24 12:32:49 main.go:78: --- 微信自动化启动 ---
2026/03/24 12:32:49 main.go:87: 正在查找微信窗口...
2026/03/24 12:32:49 main.go:98: 找到微信窗口，句柄: 0x2060A
2026/03/24 12:32:49 main.go:101: 激活微信窗口...
2026/03/24 12:32:49 main.go:39: === 测试发送消息功能 ===
2026/03/24 12:32:49 main.go:46: 联系人: 文件传输助手
2026/03/24 12:32:49 main.go:47: 消息: 测试消息 - 2026-03-24 12:32:49
2026/03/24 12:32:49 main.go:435: 搜索联系人: 文件传输助手
2026/03/24 12:32:49 main.go:445: 找到搜索框元素 - Name: "搜索", ClassName: "mmui::XValidatorTextEdit", AutomationId: ""
2026/03/24 12:32:49 main.go:447: 设置搜索框文本值...
2026/03/24 12:32:49 main.go:453: 使用 ValuePattern 设置成功
2026/03/24 12:32:49 main.go:455: 搜索框当前值: "文件传输助手"
2026/03/24 12:32:51 main.go:461: 检查搜索结果...
2026/03/24 12:32:51 main.go:463: 查找所有Name为'文件传输助手'的元素...
2026/03/24 12:32:51 main.go:466: 期望的 AutomationId: "search_item_function_文件传输助手"
2026/03/24 12:32:51 main.go:475: 窗口中有 184 个元素
2026/03/24 12:32:51 main.go:487: 匹配到第1个Name为'文件传输助手'的元素 - ClassName: "mmui::XTableCell", AutomationId: "search_item_function_文件传输助手"
2026/03/24 12:32:51 main.go:490: 找到联系人: 文件传输助手 (AutomationId: search_item_function_文件传输助手)
2026/03/24 12:32:51 main.go:182: 使用BoundingRectangle点击
2026/03/24 12:32:51 main.go:190: 点击位置: X=1395, Y=144
2026/03/24 12:32:52 main.go:496: 点击联系人成功，等待2秒进入聊天窗口...
2026/03/24 12:32:54 main.go:55: 搜索成功，等待2秒...
2026/03/24 12:32:56 main.go:519: 发送消息: 测试消息 - 2026-03-24 12:32:49
2026/03/24 12:32:56 main.go:522: 查找消息输入框...
2026/03/24 12:32:56 main.go:545: 找到消息输入框 - Name: "文件传输助手", ClassName: "mmui::ChatInputField", AutomationId: "chat_input_field"
2026/03/24 12:32:56 main.go:182: 使用BoundingRectangle点击
2026/03/24 12:32:56 main.go:190: 点击位置: X=1668, Y=894
2026/03/24 12:32:58 main.go:555: 尝试使用 ValuePattern 设置文本...
2026/03/24 12:32:58 main.go:212: === 元素诊断信息 ===
2026/03/24 12:32:58 main.go:213: Name: "文件传输助手"
2026/03/24 12:32:58 main.go:214: ClassName: "mmui::ChatInputField"
2026/03/24 12:32:58 main.go:215: AutomationId: "chat_input_field"
2026/03/24 12:32:58 main.go:217: UIA_ValuePatternId: 10002
2026/03/24 12:32:58 main.go:218: 文本设置: 测试消息 - 2026-03-24 12:32:49
2026/03/24 12:32:58 main.go:226: GetCurrentPattern 返回的 unk: &{0x71e246ac}
2026/03/24 12:32:58 main.go:231: 使用 ValuePattern 设置文本: "测试消息 - 2026-03-24 12:32:49"
2026/03/24 12:32:58 main.go:237: 文本设置成功
2026/03/24 12:32:58 main.go:567: 使用 ValuePattern 设置成功
2026/03/24 12:32:58 main.go:572: 查找发送按钮...
2026/03/24 12:32:58 main.go:581: 窗口中有 161 个元素
2026/03/24 12:32:58 main.go:592: 找到 Name 包含'发送'的元素 - Name: "发送表情(Alt+E)", ClassName: "mmui::XButton"
2026/03/24 12:32:58 main.go:592: 找到 Name 包含'发送'的元素 - Name: "发送收藏", ClassName: "mmui::XButton"
2026/03/24 12:32:58 main.go:592: 找到 Name 包含'发送'的元素 - Name: "发送文件", ClassName: "mmui::XButton"
2026/03/24 12:32:58 main.go:592: 找到 Name 包含'发送'的元素 - Name: "发送(S)", ClassName: "mmui::XOutlineButton"
2026/03/24 12:32:58 main.go:592: 找到 Name 包含'发送'的元素 - Name: "发送(S)", ClassName: "mmui::XTextView"
2026/03/24 12:32:58 main.go:611: 找到发送按钮 - Name: "发送(S)", ClassName: "mmui::XTextView"
2026/03/24 12:32:58 main.go:614: 点击发送按钮
2026/03/24 12:32:58 main.go:182: 使用BoundingRectangle点击
2026/03/24 12:32:58 main.go:190: 点击位置: X=1848, Y=980
2026/03/24 12:32:59 main.go:622: 消息发送完成！
2026/03/24 12:32:59 main.go:64: 消息发送成功！
